2026-02-02 03:01:12 | INFO     | main | ================================================================================
2026-02-02 03:01:12 | INFO     | main | MLOPS TRANSFORMER PIPELINE - PRODUCTION EXECUTION
2026-02-02 03:01:12 | INFO     | main | ================================================================================
2026-02-02 03:01:12 | INFO     | main | ================================================================================
2026-02-02 03:01:12 | INFO     | main | Experiment Configuration
2026-02-02 03:01:12 | INFO     | main | ================================================================================
2026-02-02 03:01:12 | INFO     | main | project:
2026-02-02 03:01:12 | INFO     | main |  name: Transformers for sensors
2026-02-02 03:01:12 | INFO     | main |  description: Transformer architecture
2026-02-02 03:01:12 | INFO     | main |  author: Ankit Karki
2026-02-02 03:01:12 | INFO     | main | data:
2026-02-02 03:01:12 | INFO     | main |  sequence_length: 100
2026-02-02 03:01:12 | INFO     | main |  n_features: 4
2026-02-02 03:01:12 | INFO     | main |  n_samples: 10000
2026-02-02 03:01:12 | INFO     | main |  train_split: 0.7
2026-02-02 03:01:12 | INFO     | main |  val_split: 0.15
2026-02-02 03:01:12 | INFO     | main |  test_split: 0.15
2026-02-02 03:01:12 | INFO     | main |  random_seed: 42
2026-02-02 03:01:12 | INFO     | main |  sensors: {'temperature': {'normal_range': [20, 40], 'failure_threshold': 80, 'unit': 'celsius'}, 'vibration': {'normal_range': [0, 5], 'failure_threshold': 15, 'unit': 'g-force'}, 'pressure': {'normal_range': [90, 110], 'failure_range': [60, 130], 'unit': 'PSI'}, 'rpm': {'normal_range': [1400, 1600], 'failure_range': [1100, 1900]}}
2026-02-02 03:01:12 | INFO     | main | model:
2026-02-02 03:01:12 | INFO     | main |  type: transformer_encoder
2026-02-02 03:01:12 | INFO     | main |  transformer: {'d_model': 128, 'num_heads': 8, 'num_layers': 4, 'd_ff': 512, 'dropout': 0.1, 'activation': 'gelu'}
2026-02-02 03:01:12 | INFO     | main |  classifier: {'hidden_dims': [64, 32], 'output_dim': 2, 'dropout': 0.2}
2026-02-02 03:01:12 | INFO     | main | training:
2026-02-02 03:01:12 | INFO     | main |  batch_size: 32
2026-02-02 03:01:12 | INFO     | main |  epochs: 100
2026-02-02 03:01:12 | INFO     | main |  learning_rate: 0.0001
2026-02-02 03:01:12 | INFO     | main |  weight_decay: 0.0001
2026-02-02 03:01:12 | INFO     | main |  grad_clip_norm: 1.0
2026-02-02 03:01:12 | INFO     | main |  lr_scheduler: {'type': 'cosine_annealing', 'T_max': 100, 'eta_min': 1e-05}
2026-02-02 03:01:12 | INFO     | main |  warmup: {'enabled': True, 'steps': 1000}
2026-02-02 03:01:12 | INFO     | main |  early_stopping: {'enabled': True, 'patience': 15, 'min_delta': 0.001}
2026-02-02 03:01:12 | INFO     | main |  checkpoint: {'save_best_only': True, 'monitor': 'val_f1', 'mode': 'max', 'save_frequency': 5}
2026-02-02 03:01:12 | INFO     | main | optimizer:
2026-02-02 03:01:12 | INFO     | main |  type: adamw
2026-02-02 03:01:12 | INFO     | main |  betas: [0.9, 0.999]
2026-02-02 03:01:12 | INFO     | main |  eps: 1e-08
2026-02-02 03:01:12 | INFO     | main | loss:
2026-02-02 03:01:12 | INFO     | main |  type: focal_loss
2026-02-02 03:01:12 | INFO     | main |  alpha: 0.25
2026-02-02 03:01:12 | INFO     | main |  gamma: 2.0
2026-02-02 03:01:12 | INFO     | main | automl:
2026-02-02 03:01:12 | INFO     | main |  enabled: True
2026-02-02 03:01:12 | INFO     | main |  n_trials: 50
2026-02-02 03:01:12 | INFO     | main |  direction: maximize
2026-02-02 03:01:12 | INFO     | main |  metric: val_f1
2026-02-02 03:01:12 | INFO     | main |  search_space: {'d_model': [64, 128, 256], 'num_heads': [4, 8, 16], 'num_layers': [2, 4, 6], 'learning_rate': [0.0001, 0.001], 'batch_size': [16, 32, 64], 'dropout': [0.1, 0.2, 0.3]}
2026-02-02 03:01:12 | INFO     | main | mlflow:
2026-02-02 03:01:12 | INFO     | main |  enabled: True
2026-02-02 03:01:12 | INFO     | main |  experiment_name: transformer_predictive_maintenance
2026-02-02 03:01:12 | INFO     | main |  tracking_uri: mlruns
2026-02-02 03:01:12 | INFO     | main |  artifact_location: mlruns/artifacts
2026-02-02 03:01:12 | INFO     | main |  log: {'parameters': True, 'metrics': True, 'models': True, 'artifacts': True, 'system_metrics': True}
2026-02-02 03:01:12 | INFO     | main | monitoring:
2026-02-02 03:01:12 | INFO     | main |  enabled: True
2026-02-02 03:01:12 | INFO     | main |  log_interval: 10
2026-02-02 03:01:12 | INFO     | main |  metrics: ['loss', 'accuracy', 'precision', 'recall', 'f1', 'auc_roc']
2026-02-02 03:01:12 | INFO     | main |  drift_detection: {'enabled': True, 'reference_window': 1000, 'detection_window': 100, 'threshold': 0.05}
2026-02-02 03:01:12 | INFO     | main | deployment:
2026-02-02 03:01:12 | INFO     | main |  model_name: sensor_failure_model
2026-02-02 03:01:12 | INFO     | main |  model_stage: production
2026-02-02 03:01:12 | INFO     | main |  inference: {'batch_size': 1, 'max_latency_ms': 100}
2026-02-02 03:01:12 | INFO     | main |  api: {'host': '0.0.0.0', 'port': 5000, 'workers': 4}
2026-02-02 03:01:12 | INFO     | main |  export: {'onnx': True, 'torchscript': True, 'tflite': False}
2026-02-02 03:01:12 | INFO     | main | Creating dataloaders...
2026-02-02 03:01:14 | INFO     | main | Train batches: 219
2026-02-02 03:01:14 | INFO     | main | Val batches: 47
2026-02-02 03:01:14 | INFO     | main | Test batches: 47
2026-02-02 03:01:14 | INFO     | main | Building Transformer model...
2026-02-02 03:01:14 | INFO     | main | Model parameters: 826,882
2026-02-02 03:01:14 | INFO     | main | Starting training...
2026-02-02 03:01:22 | INFO     | main | Epoch 1/100
2026-02-02 03:05:16 | INFO     | main | [Step 0] loss=0.0232 | accuracy=99.3571
2026-02-02 03:05:16 | INFO     | main | [Step 0] loss=0.0000 | accuracy=100.0000 | f1_score=1.0000
2026-02-02 03:05:16 | INFO     | main | New best F1: 1.0000
2026-02-02 03:05:16 | INFO     | main | Epoch 2/100
2026-02-02 03:08:33 | INFO     | main | [Step 1] loss=0.0000 | accuracy=100.0000
2026-02-02 03:08:33 | INFO     | main | [Step 1] loss=0.0000 | accuracy=100.0000 | f1_score=1.0000
2026-02-02 03:08:33 | INFO     | main | Epoch 3/100
2026-02-02 03:11:28 | INFO     | main | [Step 2] loss=0.0000 | accuracy=100.0000
2026-02-02 03:11:28 | INFO     | main | [Step 2] loss=0.0000 | accuracy=100.0000 | f1_score=1.0000
2026-02-02 03:11:28 | INFO     | main | Epoch 4/100
2026-02-02 03:14:32 | INFO     | main | [Step 3] loss=0.0000 | accuracy=100.0000
2026-02-02 03:14:32 | INFO     | main | [Step 3] loss=0.0000 | accuracy=100.0000 | f1_score=1.0000
2026-02-02 03:14:32 | INFO     | main | Epoch 5/100
2026-02-02 03:17:39 | INFO     | main | [Step 4] loss=0.0000 | accuracy=100.0000
2026-02-02 03:17:39 | INFO     | main | [Step 4] loss=0.0000 | accuracy=100.0000 | f1_score=1.0000
2026-02-02 03:17:39 | INFO     | main | Epoch 6/100
2026-02-02 03:21:50 | INFO     | main | [Step 5] loss=0.0000 | accuracy=100.0000
2026-02-02 03:21:50 | INFO     | main | [Step 5] loss=0.0000 | accuracy=100.0000 | f1_score=1.0000
2026-02-02 03:21:50 | INFO     | main | Epoch 7/100
2026-02-02 03:26:03 | INFO     | main | [Step 6] loss=0.0000 | accuracy=100.0000
2026-02-02 03:26:03 | INFO     | main | [Step 6] loss=0.0000 | accuracy=100.0000 | f1_score=1.0000
2026-02-02 03:26:03 | INFO     | main | Epoch 8/100
2026-02-02 03:30:16 | INFO     | main | [Step 7] loss=0.0000 | accuracy=100.0000
2026-02-02 03:30:16 | INFO     | main | [Step 7] loss=0.0000 | accuracy=100.0000 | f1_score=1.0000
2026-02-02 03:30:16 | INFO     | main | Epoch 9/100
2026-02-02 03:34:32 | INFO     | main | [Step 8] loss=0.0000 | accuracy=100.0000
2026-02-02 03:34:32 | INFO     | main | [Step 8] loss=0.0000 | accuracy=100.0000 | f1_score=1.0000
2026-02-02 03:34:32 | INFO     | main | Epoch 10/100
2026-02-02 03:39:00 | INFO     | main | [Step 9] loss=0.0000 | accuracy=100.0000
2026-02-02 03:39:00 | INFO     | main | [Step 9] loss=0.0000 | accuracy=100.0000 | f1_score=1.0000
2026-02-02 03:39:00 | INFO     | main | Epoch 11/100
2026-02-02 03:43:12 | INFO     | main | [Step 10] loss=0.0000 | accuracy=100.0000
2026-02-02 03:43:12 | INFO     | main | [Step 10] loss=0.0000 | accuracy=100.0000 | f1_score=1.0000
2026-02-02 03:43:12 | INFO     | main | Epoch 12/100
2026-02-02 03:47:07 | INFO     | main | [Step 11] loss=0.0000 | accuracy=100.0000
2026-02-02 03:47:07 | INFO     | main | [Step 11] loss=0.0000 | accuracy=100.0000 | f1_score=1.0000
2026-02-02 03:47:07 | INFO     | main | Epoch 13/100
2026-02-02 03:50:52 | INFO     | main | [Step 12] loss=0.0000 | accuracy=100.0000
2026-02-02 03:50:52 | INFO     | main | [Step 12] loss=0.0000 | accuracy=100.0000 | f1_score=1.0000
2026-02-02 03:50:52 | INFO     | main | Epoch 14/100
2026-02-02 03:54:34 | INFO     | main | [Step 13] loss=0.0000 | accuracy=100.0000
2026-02-02 03:54:34 | INFO     | main | [Step 13] loss=0.0000 | accuracy=100.0000 | f1_score=1.0000
2026-02-02 03:54:34 | INFO     | main | Epoch 15/100
2026-02-02 03:58:20 | INFO     | main | [Step 14] loss=0.0000 | accuracy=100.0000
2026-02-02 03:58:20 | INFO     | main | [Step 14] loss=0.0000 | accuracy=100.0000 | f1_score=1.0000
2026-02-02 03:58:20 | INFO     | main | Epoch 16/100
2026-02-02 04:02:04 | INFO     | main | [Step 15] loss=0.0000 | accuracy=100.0000
2026-02-02 04:02:04 | INFO     | main | [Step 15] loss=0.0000 | accuracy=100.0000 | f1_score=1.0000
2026-02-02 04:02:04 | INFO     | main | Epoch 17/100
2026-02-02 04:06:20 | INFO     | main | [Step 16] loss=0.0000 | accuracy=100.0000
2026-02-02 04:06:20 | INFO     | main | [Step 16] loss=0.0000 | accuracy=100.0000 | f1_score=1.0000
2026-02-02 04:06:20 | INFO     | main | Epoch 18/100
2026-02-02 04:18:37 | INFO     | main | [Step 17] loss=0.0000 | accuracy=100.0000
2026-02-02 04:18:37 | INFO     | main | [Step 17] loss=0.0000 | accuracy=100.0000 | f1_score=1.0000
2026-02-02 04:18:37 | INFO     | main | Epoch 19/100
2026-02-02 04:22:32 | INFO     | main | [Step 18] loss=0.0000 | accuracy=100.0000
2026-02-02 04:22:32 | INFO     | main | [Step 18] loss=0.0000 | accuracy=100.0000 | f1_score=1.0000
2026-02-02 04:22:32 | INFO     | main | Epoch 20/100
2026-02-02 04:26:24 | INFO     | main | [Step 19] loss=0.0000 | accuracy=100.0000
2026-02-02 04:26:24 | INFO     | main | [Step 19] loss=0.0000 | accuracy=100.0000 | f1_score=1.0000
2026-02-02 04:26:24 | INFO     | main | Epoch 21/100
2026-02-02 04:30:09 | INFO     | main | [Step 20] loss=0.0000 | accuracy=100.0000
2026-02-02 04:30:09 | INFO     | main | [Step 20] loss=0.0000 | accuracy=100.0000 | f1_score=1.0000
2026-02-02 04:30:09 | INFO     | main | Epoch 22/100
2026-02-02 04:34:06 | INFO     | main | [Step 21] loss=0.0000 | accuracy=100.0000
2026-02-02 04:34:06 | INFO     | main | [Step 21] loss=0.0000 | accuracy=100.0000 | f1_score=1.0000
2026-02-02 04:34:06 | INFO     | main | Epoch 23/100
2026-02-02 04:37:59 | INFO     | main | [Step 22] loss=0.0000 | accuracy=100.0000
2026-02-02 04:37:59 | INFO     | main | [Step 22] loss=0.0000 | accuracy=100.0000 | f1_score=1.0000
2026-02-02 04:37:59 | INFO     | main | Epoch 24/100
2026-02-02 04:42:14 | INFO     | main | [Step 23] loss=0.0000 | accuracy=100.0000
2026-02-02 04:42:14 | INFO     | main | [Step 23] loss=0.0000 | accuracy=100.0000 | f1_score=1.0000
2026-02-02 04:42:14 | INFO     | main | Epoch 25/100
2026-02-02 04:46:16 | INFO     | main | [Step 24] loss=0.0000 | accuracy=100.0000
2026-02-02 04:46:16 | INFO     | main | [Step 24] loss=0.0000 | accuracy=100.0000 | f1_score=1.0000
2026-02-02 04:46:16 | INFO     | main | Epoch 26/100
2026-02-02 04:50:23 | INFO     | main | [Step 25] loss=0.0000 | accuracy=100.0000
2026-02-02 04:50:23 | INFO     | main | [Step 25] loss=0.0000 | accuracy=100.0000 | f1_score=1.0000
2026-02-02 04:50:23 | INFO     | main | Epoch 27/100
2026-02-02 04:54:23 | INFO     | main | [Step 26] loss=0.0000 | accuracy=100.0000
2026-02-02 04:54:23 | INFO     | main | [Step 26] loss=0.0000 | accuracy=100.0000 | f1_score=1.0000
2026-02-02 04:54:23 | INFO     | main | Epoch 28/100
2026-02-02 04:58:31 | INFO     | main | [Step 27] loss=0.0000 | accuracy=100.0000
2026-02-02 04:58:31 | INFO     | main | [Step 27] loss=0.0000 | accuracy=100.0000 | f1_score=1.0000
2026-02-02 04:58:31 | INFO     | main | Epoch 29/100
2026-02-02 05:02:42 | INFO     | main | [Step 28] loss=0.0000 | accuracy=100.0000
2026-02-02 05:02:42 | INFO     | main | [Step 28] loss=0.0000 | accuracy=100.0000 | f1_score=1.0000
2026-02-02 05:02:42 | INFO     | main | Epoch 30/100
2026-02-02 05:06:39 | INFO     | main | [Step 29] loss=0.0000 | accuracy=100.0000
2026-02-02 05:06:39 | INFO     | main | [Step 29] loss=0.0000 | accuracy=100.0000 | f1_score=1.0000
2026-02-02 05:06:39 | INFO     | main | Epoch 31/100
2026-02-02 05:10:35 | INFO     | main | [Step 30] loss=0.0000 | accuracy=100.0000
2026-02-02 05:10:35 | INFO     | main | [Step 30] loss=0.0000 | accuracy=100.0000 | f1_score=1.0000
2026-02-02 05:10:35 | INFO     | main | Epoch 32/100
2026-02-02 05:14:45 | INFO     | main | [Step 31] loss=0.0000 | accuracy=100.0000
2026-02-02 05:14:45 | INFO     | main | [Step 31] loss=0.0000 | accuracy=100.0000 | f1_score=1.0000
2026-02-02 05:14:45 | INFO     | main | Epoch 33/100
2026-02-02 05:18:47 | INFO     | main | [Step 32] loss=0.0000 | accuracy=100.0000
2026-02-02 05:18:47 | INFO     | main | [Step 32] loss=0.0000 | accuracy=100.0000 | f1_score=1.0000
2026-02-02 05:18:47 | INFO     | main | Epoch 34/100
2026-02-02 05:22:47 | INFO     | main | [Step 33] loss=0.0000 | accuracy=100.0000
2026-02-02 05:22:47 | INFO     | main | [Step 33] loss=0.0000 | accuracy=100.0000 | f1_score=1.0000
2026-02-02 05:22:47 | INFO     | main | Epoch 35/100
2026-02-02 05:26:46 | INFO     | main | [Step 34] loss=0.0000 | accuracy=100.0000
2026-02-02 05:26:46 | INFO     | main | [Step 34] loss=0.0000 | accuracy=100.0000 | f1_score=1.0000
2026-02-02 05:26:46 | INFO     | main | Epoch 36/100
2026-02-02 05:30:44 | INFO     | main | [Step 35] loss=0.0000 | accuracy=100.0000
2026-02-02 05:30:44 | INFO     | main | [Step 35] loss=0.0000 | accuracy=100.0000 | f1_score=1.0000
2026-02-02 05:30:44 | INFO     | main | Epoch 37/100
2026-02-02 05:35:01 | INFO     | main | [Step 36] loss=0.0000 | accuracy=100.0000
2026-02-02 05:35:01 | INFO     | main | [Step 36] loss=0.0000 | accuracy=100.0000 | f1_score=1.0000
2026-02-02 05:35:01 | INFO     | main | Epoch 38/100
2026-02-02 05:39:02 | INFO     | main | [Step 37] loss=0.0000 | accuracy=100.0000
2026-02-02 05:39:02 | INFO     | main | [Step 37] loss=0.0000 | accuracy=100.0000 | f1_score=1.0000
2026-02-02 05:39:02 | INFO     | main | Epoch 39/100
2026-02-02 05:43:08 | INFO     | main | [Step 38] loss=0.0000 | accuracy=100.0000
2026-02-02 05:43:08 | INFO     | main | [Step 38] loss=0.0000 | accuracy=100.0000 | f1_score=1.0000
2026-02-02 05:43:08 | INFO     | main | Epoch 40/100
2026-02-02 05:47:20 | INFO     | main | [Step 39] loss=0.0000 | accuracy=100.0000
2026-02-02 05:47:20 | INFO     | main | [Step 39] loss=0.0000 | accuracy=100.0000 | f1_score=1.0000
2026-02-02 05:47:20 | INFO     | main | Epoch 41/100
2026-02-02 05:51:36 | INFO     | main | [Step 40] loss=0.0000 | accuracy=100.0000
2026-02-02 05:51:36 | INFO     | main | [Step 40] loss=0.0000 | accuracy=100.0000 | f1_score=1.0000
2026-02-02 05:51:36 | INFO     | main | Epoch 42/100
2026-02-02 05:55:54 | INFO     | main | [Step 41] loss=0.0000 | accuracy=100.0000
2026-02-02 05:55:54 | INFO     | main | [Step 41] loss=0.0000 | accuracy=100.0000 | f1_score=1.0000
2026-02-02 05:55:54 | INFO     | main | Epoch 43/100
2026-02-02 06:00:18 | INFO     | main | [Step 42] loss=0.0000 | accuracy=100.0000
2026-02-02 06:00:18 | INFO     | main | [Step 42] loss=0.0000 | accuracy=100.0000 | f1_score=1.0000
2026-02-02 06:00:18 | INFO     | main | Epoch 44/100
2026-02-02 06:05:14 | INFO     | main | [Step 43] loss=0.0000 | accuracy=100.0000
2026-02-02 06:05:14 | INFO     | main | [Step 43] loss=0.0000 | accuracy=100.0000 | f1_score=1.0000
2026-02-02 06:05:14 | INFO     | main | Epoch 45/100
2026-02-02 06:09:36 | INFO     | main | [Step 44] loss=0.0000 | accuracy=100.0000
2026-02-02 06:09:36 | INFO     | main | [Step 44] loss=0.0000 | accuracy=100.0000 | f1_score=1.0000
2026-02-02 06:09:36 | INFO     | main | Epoch 46/100
2026-02-02 06:13:50 | INFO     | main | [Step 45] loss=0.0000 | accuracy=100.0000
2026-02-02 06:13:50 | INFO     | main | [Step 45] loss=0.0000 | accuracy=100.0000 | f1_score=1.0000
2026-02-02 06:13:50 | INFO     | main | Epoch 47/100
2026-02-02 06:18:13 | INFO     | main | [Step 46] loss=0.0000 | accuracy=100.0000
2026-02-02 06:18:13 | INFO     | main | [Step 46] loss=0.0000 | accuracy=100.0000 | f1_score=1.0000
2026-02-02 06:18:13 | INFO     | main | Epoch 48/100
2026-02-02 06:22:27 | INFO     | main | [Step 47] loss=0.0000 | accuracy=100.0000
2026-02-02 06:22:27 | INFO     | main | [Step 47] loss=0.0000 | accuracy=100.0000 | f1_score=1.0000
2026-02-02 06:22:27 | INFO     | main | Epoch 49/100
2026-02-02 06:26:26 | INFO     | main | [Step 48] loss=0.0000 | accuracy=100.0000
2026-02-02 06:26:26 | INFO     | main | [Step 48] loss=0.0000 | accuracy=100.0000 | f1_score=1.0000
2026-02-02 06:26:26 | INFO     | main | Epoch 50/100
